[2021-04-26 15:43:56,184-serv           ] INFO      [* Server-Msg] Logger initialization complete
[2021-04-26 15:43:56,185-serv           ] INFO      [* Server-Msg] Initializing server...
[2021-04-26 15:43:57,185-serv           ] INFO      [* Server-Msg] Address entry initiated
[2021-04-26 15:45:36,747-serv           ] INFO      [* Server-Msg] Server address set to: 0.0.0.0
[2021-04-26 15:45:36,747-serv           ] INFO      [* Server-Msg] Listener prompt initiated
[2021-04-26 15:45:39,603-serv           ] INFO      [* Server-Msg] Interpreter thread initialization complete
[2021-04-26 15:45:39,604-serv           ] INFO      [* Interpreter-Msg] Interpreter initialized and running
[2021-04-26 15:45:39,606-serv           ] INFO      [* Interpreter-Msg] Help message printed
[2021-04-26 15:47:24,646-serv           ] INFO      [* BotHandler-Msg] Agent handler object created for: 192.168.192.175:5000; Session ID of 0fc23c7e-b6c2-454b-be76-31586408faf9
[2021-04-26 15:47:24,646-serv           ] INFO      [* BotHandler-Msg] Agent 0fc23c7e-b6c2-454b-be76-31586408faf9 beacon started
[2021-04-26 15:47:48,931-serv           ] INFO      [* Interpreter-Msg] Received command: "kill"
[2021-04-26 15:47:48,933-serv           ] ERROR     [* Interpreter-Msg:Kill] Unable to process Agent ID for kill
[2021-04-26 15:47:48,933-serv           ] ERROR     [* Interpreter-Msg:Kill] Error: list index out of range
[2021-04-26 15:48:04,166-serv           ] INFO      [* Interpreter-Msg] Received command: "kill 0fc23c7e-b6c2-454b-be76-31586408faf9"
[2021-04-26 15:48:04,166-serv           ] INFO      [* Interpreter-Msg:Kill] Agent 0fc23c7e-b6c2-454b-be76-31586408faf9 exists
[2021-04-26 15:48:04,166-serv           ] INFO      [* Interpreter-Msg:Kill] Killing connection with agent 0fc23c7e-b6c2-454b-be76-31586408faf9
[2021-04-26 15:48:04,166-serv           ] INFO      [* BotHandler-Msg] Killing connection for agent 0fc23c7e-b6c2-454b-be76-31586408faf9
[2021-04-26 15:48:04,167-serv           ] ERROR     [* Interpreter-Msg:Kill] Unable to kill connection for agent 0fc23c7e-b6c2-454b-be76-31586408faf9
[2021-04-26 15:48:04,167-serv           ] ERROR     [* Interpreter-Msg:Kill] Error: name 'agent' is not defined
[2021-04-26 15:48:53,451-serv           ] INFO      [* Interpreter-Msg] Received command: "exit"
[2021-04-26 15:48:53,451-serv           ] INFO      [* Interpreter-Msg:Exit] Closing connection to all agents
[2021-04-26 15:48:56,702-serv           ] INFO      [* Interpreter-Msg:Exit] "exit" command sent to all active agents
[2021-04-26 15:49:29,665-serv           ] INFO      [* Server-Msg] Logger initialization complete
[2021-04-26 15:49:29,666-serv           ] INFO      [* Server-Msg] Initializing server...
[2021-04-26 15:49:30,667-serv           ] INFO      [* Server-Msg] Address entry initiated
[2021-04-26 15:49:34,299-serv           ] INFO      [* Server-Msg] Server address set to: 0.0.0.0
[2021-04-26 15:49:34,299-serv           ] INFO      [* Server-Msg] Listener prompt initiated
[2021-04-26 15:49:36,776-serv           ] INFO      [* Interpreter-Msg] Interpreter initialized and running
[2021-04-26 15:49:36,777-serv           ] INFO      [* Server-Msg] Interpreter thread initialization complete
[2021-04-26 15:49:36,786-serv           ] INFO      [* Interpreter-Msg] Help message printed
[2021-04-26 15:50:04,866-serv           ] INFO      [* BotHandler-Msg] Agent handler object created for: 192.168.192.128:5000; Session ID of 4fb2e938-5d6c-441d-a873-71840222dbc6
[2021-04-26 15:50:04,866-serv           ] INFO      [* BotHandler-Msg] Agent 4fb2e938-5d6c-441d-a873-71840222dbc6 beacon started
[2021-04-26 16:09:39,707-serv           ] INFO      [* Interpreter-Msg] Received command: "kill 4fb2e938-5d6c-441d-a873-71840222dbc6"
[2021-04-26 16:09:39,707-serv           ] INFO      [* Interpreter-Msg:Kill] Agent 4fb2e938-5d6c-441d-a873-71840222dbc6 exists
[2021-04-26 16:09:39,710-serv           ] INFO      [* Interpreter-Msg:Kill] Killing connection with agent 4fb2e938-5d6c-441d-a873-71840222dbc6
[2021-04-26 16:09:39,710-serv           ] INFO      [* BotHandler-Msg] Killing connection for agent 4fb2e938-5d6c-441d-a873-71840222dbc6
[2021-04-26 16:09:43,321-serv           ] INFO      [* BotHandler-Msg] Sent "kill" command to agent 4fb2e938-5d6c-441d-a873-71840222dbc6
[2021-04-26 16:09:43,321-serv           ] INFO      [* Interpreter-Msg:Kill] Removing agent 4fb2e938-5d6c-441d-a873-71840222dbc6 from agent list
[2021-04-26 16:09:43,321-serv           ] INFO      [* Interpreter-Msg:Kill] agent 4fb2e938-5d6c-441d-a873-71840222dbc6 was killed successfully
[2021-04-26 16:09:50,359-serv           ] INFO      [* Interpreter-Msg] Received command: "list-agents"
[2021-04-26 16:59:23,136-serv           ] INFO      [* Interpreter-Msg] Received command: "exit"
[2021-04-26 16:59:23,137-serv           ] INFO      [* Interpreter-Msg:Exit] Closing connection to all agents
[2021-04-26 16:59:23,137-serv           ] INFO      [* Interpreter-Msg:Exit] "exit" command sent to all active agents
