[2021-04-26 13:27:16,117-up             ] INFO      [* BotHandler-Msg] Agent 8815754a-1dd2-4811-adfa-2cc749540ec5 beacon started
[2021-04-26 13:27:47,167-up             ] INFO      [* BotHandler-Msg] Agent 8815754a-1dd2-4811-adfa-2cc749540ec5 - BEACON : UP
[2021-04-26 13:28:11,221-up             ] INFO      [* BotHandler-Msg] Agent 8815754a-1dd2-4811-adfa-2cc749540ec5 - BEACON : UP
[2021-04-26 13:29:16,316-up             ] INFO      [* BotHandler-Msg] Agent 8815754a-1dd2-4811-adfa-2cc749540ec5 - BEACON : UP
[2021-04-26 13:29:49,379-up             ] INFO      [* BotHandler-Msg] Agent 8815754a-1dd2-4811-adfa-2cc749540ec5 - BEACON : UP
[2021-04-26 13:30:05,430-up             ] INFO      [* BotHandler-Msg] Agent 8815754a-1dd2-4811-adfa-2cc749540ec5 - BEACON : UP
[2021-04-26 13:30:40,499-up             ] INFO      [* BotHandler-Msg] Agent 8815754a-1dd2-4811-adfa-2cc749540ec5 - BEACON : UP
[2021-04-26 13:31:14,562-up             ] INFO      [* BotHandler-Msg] Agent 8815754a-1dd2-4811-adfa-2cc749540ec5 - BEACON : UP
[2021-04-26 13:31:48,631-up             ] INFO      [* BotHandler-Msg] Agent 8815754a-1dd2-4811-adfa-2cc749540ec5 - BEACON : UP
[2021-04-26 13:32:26,705-up             ] INFO      [* BotHandler-Msg] Agent 8815754a-1dd2-4811-adfa-2cc749540ec5 - BEACON : UP
[2021-04-26 13:33:02,752-up             ] INFO      [* BotHandler-Msg] Agent 8815754a-1dd2-4811-adfa-2cc749540ec5 - BEACON : UP
[2021-04-26 13:33:17,796-up             ] INFO      [* BotHandler-Msg] Agent 8815754a-1dd2-4811-adfa-2cc749540ec5 - BEACON : UP
[2021-04-26 13:33:37,851-up             ] INFO      [* BotHandler-Msg] Agent 8815754a-1dd2-4811-adfa-2cc749540ec5 - BEACON : UP
[2021-04-26 13:34:17,928-up             ] INFO      [* BotHandler-Msg] Agent 8815754a-1dd2-4811-adfa-2cc749540ec5 - BEACON : UP
[2021-04-26 13:34:41,983-up             ] INFO      [* BotHandler-Msg] Agent 8815754a-1dd2-4811-adfa-2cc749540ec5 - BEACON : UP
[2021-04-26 14:07:57,294-up             ] INFO      [* BotHandler-Msg] Agent e47b2bc8-f49b-447e-926a-97b32aaa7959 beacon started
[2021-04-26 14:08:11,314-up             ] INFO      [* BotHandler-Msg] Agent e47b2bc8-f49b-447e-926a-97b32aaa7959 - BEACON : UP
[2021-04-26 14:08:52,340-up             ] INFO      [* BotHandler-Msg] Agent e47b2bc8-f49b-447e-926a-97b32aaa7959 - BEACON : UP
[2021-04-26 14:09:13,361-up             ] INFO      [* BotHandler-Msg] Agent e47b2bc8-f49b-447e-926a-97b32aaa7959 - BEACON : UP
[2021-04-26 14:09:42,388-up             ] INFO      [* BotHandler-Msg] Agent e47b2bc8-f49b-447e-926a-97b32aaa7959 - BEACON : UP
[2021-04-26 14:09:57,428-up             ] INFO      [* BotHandler-Msg] Agent e47b2bc8-f49b-447e-926a-97b32aaa7959 - BEACON : UP
[2021-04-26 14:10:22,453-up             ] INFO      [* BotHandler-Msg] Agent e47b2bc8-f49b-447e-926a-97b32aaa7959 - BEACON : UP
[2021-04-26 14:10:46,484-up             ] INFO      [* BotHandler-Msg] Agent e47b2bc8-f49b-447e-926a-97b32aaa7959 - BEACON : UP
[2021-04-26 14:11:01,527-up             ] INFO      [* BotHandler-Msg] Agent e47b2bc8-f49b-447e-926a-97b32aaa7959 - BEACON : UP
[2021-04-26 14:11:29,589-up             ] INFO      [* BotHandler-Msg] Agent e47b2bc8-f49b-447e-926a-97b32aaa7959 - BEACON : UP
[2021-04-26 14:12:08,627-up             ] INFO      [* BotHandler-Msg] Agent e47b2bc8-f49b-447e-926a-97b32aaa7959 - BEACON : UP
[2021-04-26 14:12:25,653-up             ] INFO      [* BotHandler-Msg] Agent e47b2bc8-f49b-447e-926a-97b32aaa7959 - BEACON : UP
[2021-04-26 14:12:39,674-up             ] INFO      [* BotHandler-Msg] Agent e47b2bc8-f49b-447e-926a-97b32aaa7959 - BEACON : DOWN
[2021-04-26 14:13:29,689-up             ] INFO      [* BotHandler-Msg] Agent 5e3e4cb3-0a26-45be-b921-7907daa21bc5 beacon started
[2021-04-26 14:13:55,733-up             ] INFO      [* BotHandler-Msg] Agent 5e3e4cb3-0a26-45be-b921-7907daa21bc5 - BEACON : UP
[2021-04-26 14:14:38,773-up             ] INFO      [* BotHandler-Msg] Agent 5e3e4cb3-0a26-45be-b921-7907daa21bc5 - BEACON : DOWN
[2021-04-26 14:15:16,817-up             ] INFO      [* BotHandler-Msg] Agent 5e3e4cb3-0a26-45be-b921-7907daa21bc5 - BEACON : UP
[2021-04-26 14:15:48,853-up             ] INFO      [* BotHandler-Msg] Agent 5e3e4cb3-0a26-45be-b921-7907daa21bc5 - BEACON : UP
[2021-04-26 14:16:02,900-up             ] INFO      [* BotHandler-Msg] Agent 5e3e4cb3-0a26-45be-b921-7907daa21bc5 - BEACON : UP
[2021-04-26 14:16:37,940-up             ] INFO      [* BotHandler-Msg] Agent 5e3e4cb3-0a26-45be-b921-7907daa21bc5 - BEACON : UP
[2021-04-26 14:17:08,981-up             ] INFO      [* BotHandler-Msg] Agent 5e3e4cb3-0a26-45be-b921-7907daa21bc5 - BEACON : UP
[2021-04-26 14:17:40,021-up             ] INFO      [* BotHandler-Msg] Agent 5e3e4cb3-0a26-45be-b921-7907daa21bc5 - BEACON : UP
[2021-04-26 14:18:10,068-up             ] INFO      [* BotHandler-Msg] Agent 5e3e4cb3-0a26-45be-b921-7907daa21bc5 - BEACON : UP
[2021-04-26 14:19:02,934-up             ] INFO      [* BotHandler-Msg] Agent 5ccd3b64-b001-435d-8e2e-bc63ebcd9964 beacon started
[2021-04-26 14:19:40,735-up             ] INFO      [* BotHandler-Msg] Agent 5ccd3b64-b001-435d-8e2e-bc63ebcd9964 - BEACON : DOWN
[2021-04-26 14:20:18,805-up             ] INFO      [* BotHandler-Msg] Agent 5ccd3b64-b001-435d-8e2e-bc63ebcd9964 - BEACON : DOWN
[2021-04-26 14:20:33,845-up             ] INFO      [* BotHandler-Msg] Agent 5ccd3b64-b001-435d-8e2e-bc63ebcd9964 - BEACON : DOWN
[2021-04-26 14:20:48,885-up             ] INFO      [* BotHandler-Msg] Agent 5ccd3b64-b001-435d-8e2e-bc63ebcd9964 - BEACON : DOWN
[2021-04-26 14:21:25,941-up             ] INFO      [* BotHandler-Msg] Agent 5ccd3b64-b001-435d-8e2e-bc63ebcd9964 - BEACON : UP
[2021-04-26 14:21:58,005-up             ] INFO      [* BotHandler-Msg] Agent 5ccd3b64-b001-435d-8e2e-bc63ebcd9964 - BEACON : UP
[2021-04-26 14:22:12,021-up             ] INFO      [* BotHandler-Msg] Agent 5ccd3b64-b001-435d-8e2e-bc63ebcd9964 - BEACON : UP
[2021-04-26 14:22:36,053-up             ] INFO      [* BotHandler-Msg] Agent 5ccd3b64-b001-435d-8e2e-bc63ebcd9964 - BEACON : UP
[2021-04-26 14:23:03,093-up             ] INFO      [* BotHandler-Msg] Agent 5ccd3b64-b001-435d-8e2e-bc63ebcd9964 - BEACON : UP
[2021-04-26 14:23:43,154-up             ] INFO      [* BotHandler-Msg] Agent 5ccd3b64-b001-435d-8e2e-bc63ebcd9964 - BEACON : UP
[2021-04-26 14:24:09,173-up             ] INFO      [* BotHandler-Msg] Agent 5ccd3b64-b001-435d-8e2e-bc63ebcd9964 - BEACON : UP
[2021-04-26 14:24:37,204-up             ] INFO      [* BotHandler-Msg] Agent 5ccd3b64-b001-435d-8e2e-bc63ebcd9964 - BEACON : UP
[2021-04-26 14:24:52,244-up             ] INFO      [* BotHandler-Msg] Agent 5ccd3b64-b001-435d-8e2e-bc63ebcd9964 - BEACON : UP
[2021-04-26 14:25:13,301-up             ] INFO      [* BotHandler-Msg] Agent 5ccd3b64-b001-435d-8e2e-bc63ebcd9964 - BEACON : UP
[2021-04-26 14:25:53,365-up             ] INFO      [* BotHandler-Msg] Agent 5ccd3b64-b001-435d-8e2e-bc63ebcd9964 - BEACON : UP
[2021-04-26 14:26:32,404-up             ] INFO      [* BotHandler-Msg] Agent 5ccd3b64-b001-435d-8e2e-bc63ebcd9964 - BEACON : UP
[2021-04-26 14:26:52,437-up             ] INFO      [* BotHandler-Msg] Agent 5ccd3b64-b001-435d-8e2e-bc63ebcd9964 - BEACON : UP
[2021-04-26 14:27:32,499-up             ] INFO      [* BotHandler-Msg] Agent 5ccd3b64-b001-435d-8e2e-bc63ebcd9964 - BEACON : UP
[2021-04-26 14:27:49,525-up             ] INFO      [* BotHandler-Msg] Agent 5ccd3b64-b001-435d-8e2e-bc63ebcd9964 - BEACON : UP
[2021-04-26 14:28:10,549-up             ] INFO      [* BotHandler-Msg] Agent 5ccd3b64-b001-435d-8e2e-bc63ebcd9964 - BEACON : UP
[2021-04-26 14:28:38,578-up             ] INFO      [* BotHandler-Msg] Agent 5ccd3b64-b001-435d-8e2e-bc63ebcd9964 - BEACON : UP
[2021-04-26 14:29:09,620-up             ] INFO      [* BotHandler-Msg] Agent 5ccd3b64-b001-435d-8e2e-bc63ebcd9964 - BEACON : UP
[2021-04-26 14:29:47,669-up             ] INFO      [* BotHandler-Msg] Agent 5ccd3b64-b001-435d-8e2e-bc63ebcd9964 - BEACON : UP
[2021-04-26 14:30:01,716-up             ] INFO      [* BotHandler-Msg] Agent 5ccd3b64-b001-435d-8e2e-bc63ebcd9964 - BEACON : UP
[2021-04-26 14:30:35,732-up             ] INFO      [* BotHandler-Msg] Agent 5ccd3b64-b001-435d-8e2e-bc63ebcd9964 - BEACON : UP
[2021-04-26 14:31:15,794-up             ] INFO      [* BotHandler-Msg] Agent 5ccd3b64-b001-435d-8e2e-bc63ebcd9964 - BEACON : UP
[2021-04-26 14:31:52,856-up             ] INFO      [* BotHandler-Msg] Agent 5ccd3b64-b001-435d-8e2e-bc63ebcd9964 - BEACON : DOWN
[2021-04-26 14:32:35,339-up             ] INFO      [* BotHandler-Msg] Agent 7a65e411-8987-4bae-8621-e8e064ba7888 beacon started
[2021-04-26 14:32:57,396-up             ] INFO      [* BotHandler-Msg] Agent 7a65e411-8987-4bae-8621-e8e064ba7888 - BEACON : UP
[2021-04-26 14:33:30,454-up             ] INFO      [* BotHandler-Msg] Agent 7a65e411-8987-4bae-8621-e8e064ba7888 - BEACON : DOWN
[2021-04-26 14:33:52,501-up             ] INFO      [* BotHandler-Msg] Agent 7a65e411-8987-4bae-8621-e8e064ba7888 - BEACON : DOWN
[2021-04-26 14:34:25,556-up             ] INFO      [* BotHandler-Msg] Agent 7a65e411-8987-4bae-8621-e8e064ba7888 - BEACON : UP
[2021-04-26 14:34:40,595-up             ] INFO      [* BotHandler-Msg] Agent 7a65e411-8987-4bae-8621-e8e064ba7888 - BEACON : UP
[2021-04-26 14:34:57,621-up             ] INFO      [* BotHandler-Msg] Agent 7a65e411-8987-4bae-8621-e8e064ba7888 - BEACON : UP
[2021-04-26 14:35:28,660-up             ] INFO      [* BotHandler-Msg] Agent 7a65e411-8987-4bae-8621-e8e064ba7888 - BEACON : UP
[2021-04-26 14:36:09,717-up             ] INFO      [* BotHandler-Msg] Agent 7a65e411-8987-4bae-8621-e8e064ba7888 - BEACON : UP
[2021-04-26 14:36:23,732-up             ] INFO      [* BotHandler-Msg] Agent 7a65e411-8987-4bae-8621-e8e064ba7888 - BEACON : UP
[2021-04-26 14:37:01,780-up             ] INFO      [* BotHandler-Msg] Agent 7a65e411-8987-4bae-8621-e8e064ba7888 - BEACON : UP
[2021-04-26 14:37:17,812-up             ] INFO      [* BotHandler-Msg] Agent 7a65e411-8987-4bae-8621-e8e064ba7888 - BEACON : UP
[2021-04-26 14:37:44,852-up             ] INFO      [* BotHandler-Msg] Agent 7a65e411-8987-4bae-8621-e8e064ba7888 - BEACON : UP
[2021-04-26 14:38:04,889-up             ] INFO      [* BotHandler-Msg] Agent 7a65e411-8987-4bae-8621-e8e064ba7888 - BEACON : DOWN
[2021-04-26 14:38:32,356-up             ] INFO      [* BotHandler-Msg] Agent 9e16576f-b1b7-4ad2-ade0-ebf66ffbfec3 beacon started
[2021-04-26 14:38:51,382-up             ] INFO      [* BotHandler-Msg] Agent 9e16576f-b1b7-4ad2-ade0-ebf66ffbfec3 - BEACON : UP
[2021-04-26 14:39:16,437-up             ] INFO      [* BotHandler-Msg] Agent 9e16576f-b1b7-4ad2-ade0-ebf66ffbfec3 - BEACON : DOWN
[2021-04-26 14:39:38,453-up             ] INFO      [* BotHandler-Msg] Agent 9e16576f-b1b7-4ad2-ade0-ebf66ffbfec3 - BEACON : DOWN
[2021-04-26 14:39:52,466-up             ] INFO      [* BotHandler-Msg] Agent 9e16576f-b1b7-4ad2-ade0-ebf66ffbfec3 - BEACON : DOWN
[2021-04-26 14:40:20,498-up             ] INFO      [* BotHandler-Msg] Agent 9e16576f-b1b7-4ad2-ade0-ebf66ffbfec3 - BEACON : DOWN
[2021-04-26 14:40:34,517-up             ] INFO      [* BotHandler-Msg] Agent 9e16576f-b1b7-4ad2-ade0-ebf66ffbfec3 - BEACON : DOWN
[2021-04-26 14:41:01,557-up             ] INFO      [* BotHandler-Msg] Agent 9e16576f-b1b7-4ad2-ade0-ebf66ffbfec3 - BEACON : DOWN
[2021-04-26 14:41:28,597-up             ] INFO      [* BotHandler-Msg] Agent 9e16576f-b1b7-4ad2-ade0-ebf66ffbfec3 - BEACON : DOWN
[2021-04-26 14:41:48,628-up             ] INFO      [* BotHandler-Msg] Agent 9e16576f-b1b7-4ad2-ade0-ebf66ffbfec3 - BEACON : DOWN
[2021-04-26 14:42:06,677-up             ] INFO      [* BotHandler-Msg] Agent 9e16576f-b1b7-4ad2-ade0-ebf66ffbfec3 - BEACON : DOWN
[2021-04-26 14:42:30,708-up             ] INFO      [* BotHandler-Msg] Agent 9e16576f-b1b7-4ad2-ade0-ebf66ffbfec3 - BEACON : DOWN
[2021-04-26 14:43:03,765-up             ] INFO      [* BotHandler-Msg] Agent 9e16576f-b1b7-4ad2-ade0-ebf66ffbfec3 - BEACON : DOWN
[2021-04-26 14:43:28,821-up             ] INFO      [* BotHandler-Msg] Agent 9e16576f-b1b7-4ad2-ade0-ebf66ffbfec3 - BEACON : DOWN
[2021-04-26 14:44:11,894-up             ] INFO      [* BotHandler-Msg] Agent 9e16576f-b1b7-4ad2-ade0-ebf66ffbfec3 - BEACON : DOWN
[2021-04-26 14:44:53,941-up             ] INFO      [* BotHandler-Msg] Agent 9e16576f-b1b7-4ad2-ade0-ebf66ffbfec3 - BEACON : DOWN
[2021-04-26 14:45:29,972-up             ] INFO      [* BotHandler-Msg] Agent 9e16576f-b1b7-4ad2-ade0-ebf66ffbfec3 - BEACON : DOWN
[2021-04-26 14:46:01,012-up             ] INFO      [* BotHandler-Msg] Agent 9e16576f-b1b7-4ad2-ade0-ebf66ffbfec3 - BEACON : DOWN
[2021-04-26 14:46:39,062-up             ] INFO      [* BotHandler-Msg] Agent 9e16576f-b1b7-4ad2-ade0-ebf66ffbfec3 - BEACON : DOWN
[2021-04-26 14:47:13,109-up             ] INFO      [* BotHandler-Msg] Agent 9e16576f-b1b7-4ad2-ade0-ebf66ffbfec3 - BEACON : DOWN
[2021-04-26 14:47:27,155-up             ] INFO      [* BotHandler-Msg] Agent 9e16576f-b1b7-4ad2-ade0-ebf66ffbfec3 - BEACON : DOWN
[2021-04-26 14:47:52,180-up             ] INFO      [* BotHandler-Msg] Agent 9e16576f-b1b7-4ad2-ade0-ebf66ffbfec3 - BEACON : DOWN
[2021-04-26 14:48:20,213-up             ] INFO      [* BotHandler-Msg] Agent 9e16576f-b1b7-4ad2-ade0-ebf66ffbfec3 - BEACON : DOWN
[2021-04-26 14:48:53,269-up             ] INFO      [* BotHandler-Msg] Agent 9e16576f-b1b7-4ad2-ade0-ebf66ffbfec3 - BEACON : DOWN
[2021-04-26 14:49:29,333-up             ] INFO      [* BotHandler-Msg] Agent 9e16576f-b1b7-4ad2-ade0-ebf66ffbfec3 - BEACON : DOWN
[2021-04-26 14:50:10,388-up             ] INFO      [* BotHandler-Msg] Agent 9e16576f-b1b7-4ad2-ade0-ebf66ffbfec3 - BEACON : DOWN
[2021-04-26 14:50:43,444-up             ] INFO      [* BotHandler-Msg] Agent 9e16576f-b1b7-4ad2-ade0-ebf66ffbfec3 - BEACON : DOWN
[2021-04-26 14:51:05,493-up             ] INFO      [* BotHandler-Msg] Agent 9e16576f-b1b7-4ad2-ade0-ebf66ffbfec3 - BEACON : DOWN
[2021-04-26 14:51:49,557-up             ] INFO      [* BotHandler-Msg] Agent 9e16576f-b1b7-4ad2-ade0-ebf66ffbfec3 - BEACON : DOWN
[2021-04-26 14:52:11,573-up             ] INFO      [* BotHandler-Msg] Agent 9e16576f-b1b7-4ad2-ade0-ebf66ffbfec3 - BEACON : DOWN
[2021-04-26 14:52:41,621-up             ] INFO      [* BotHandler-Msg] Agent 9e16576f-b1b7-4ad2-ade0-ebf66ffbfec3 - BEACON : DOWN
[2021-04-26 14:53:15,667-up             ] INFO      [* BotHandler-Msg] Agent 9e16576f-b1b7-4ad2-ade0-ebf66ffbfec3 - BEACON : DOWN
[2021-04-26 14:53:30,707-up             ] INFO      [* BotHandler-Msg] Agent 9e16576f-b1b7-4ad2-ade0-ebf66ffbfec3 - BEACON : DOWN
[2021-04-26 14:53:47,732-up             ] INFO      [* BotHandler-Msg] Agent 9e16576f-b1b7-4ad2-ade0-ebf66ffbfec3 - BEACON : DOWN
[2021-04-26 14:54:04,756-up             ] INFO      [* BotHandler-Msg] Agent 9e16576f-b1b7-4ad2-ade0-ebf66ffbfec3 - BEACON : DOWN
[2021-04-26 14:54:37,813-up             ] INFO      [* BotHandler-Msg] Agent 9e16576f-b1b7-4ad2-ade0-ebf66ffbfec3 - BEACON : DOWN
[2021-04-26 14:55:20,885-up             ] INFO      [* BotHandler-Msg] Agent 9e16576f-b1b7-4ad2-ade0-ebf66ffbfec3 - BEACON : DOWN
[2021-04-26 14:55:53,909-up             ] INFO      [* BotHandler-Msg] Agent 9e16576f-b1b7-4ad2-ade0-ebf66ffbfec3 - BEACON : DOWN
[2021-04-26 14:56:33,974-up             ] INFO      [* BotHandler-Msg] Agent 9e16576f-b1b7-4ad2-ade0-ebf66ffbfec3 - BEACON : DOWN
[2021-04-26 14:57:16,021-up             ] INFO      [* BotHandler-Msg] Agent 9e16576f-b1b7-4ad2-ade0-ebf66ffbfec3 - BEACON : DOWN
[2021-04-26 14:57:50,069-up             ] INFO      [* BotHandler-Msg] Agent 9e16576f-b1b7-4ad2-ade0-ebf66ffbfec3 - BEACON : DOWN
[2021-04-26 14:58:04,115-up             ] INFO      [* BotHandler-Msg] Agent 9e16576f-b1b7-4ad2-ade0-ebf66ffbfec3 - BEACON : DOWN
[2021-04-26 14:58:28,150-up             ] INFO      [* BotHandler-Msg] Agent 9e16576f-b1b7-4ad2-ade0-ebf66ffbfec3 - BEACON : DOWN
[2021-04-26 14:58:57,205-up             ] INFO      [* BotHandler-Msg] Agent 9e16576f-b1b7-4ad2-ade0-ebf66ffbfec3 - BEACON : DOWN
[2021-04-26 14:59:17,236-up             ] INFO      [* BotHandler-Msg] Agent 9e16576f-b1b7-4ad2-ade0-ebf66ffbfec3 - BEACON : DOWN
[2021-04-26 14:59:59,286-up             ] INFO      [* BotHandler-Msg] Agent 9e16576f-b1b7-4ad2-ade0-ebf66ffbfec3 - BEACON : DOWN
[2021-04-26 15:00:30,326-up             ] INFO      [* BotHandler-Msg] Agent 9e16576f-b1b7-4ad2-ade0-ebf66ffbfec3 - BEACON : DOWN
[2021-04-26 15:01:11,348-up             ] INFO      [* BotHandler-Msg] Agent 9e16576f-b1b7-4ad2-ade0-ebf66ffbfec3 - BEACON : DOWN
[2021-04-26 15:01:43,381-up             ] INFO      [* BotHandler-Msg] Agent 9e16576f-b1b7-4ad2-ade0-ebf66ffbfec3 - BEACON : DOWN
[2021-04-26 15:02:07,414-up             ] INFO      [* BotHandler-Msg] Agent 9e16576f-b1b7-4ad2-ade0-ebf66ffbfec3 - BEACON : DOWN
[2021-04-26 15:02:49,461-up             ] INFO      [* BotHandler-Msg] Agent 9e16576f-b1b7-4ad2-ade0-ebf66ffbfec3 - BEACON : DOWN
[2021-04-26 15:03:14,517-up             ] INFO      [* BotHandler-Msg] Agent 9e16576f-b1b7-4ad2-ade0-ebf66ffbfec3 - BEACON : DOWN
[2021-04-26 15:03:54,581-up             ] INFO      [* BotHandler-Msg] Agent 9e16576f-b1b7-4ad2-ade0-ebf66ffbfec3 - BEACON : DOWN
[2021-04-26 15:04:14,613-up             ] INFO      [* BotHandler-Msg] Agent 9e16576f-b1b7-4ad2-ade0-ebf66ffbfec3 - BEACON : DOWN
[2021-04-26 15:04:28,632-up             ] INFO      [* BotHandler-Msg] Agent 9e16576f-b1b7-4ad2-ade0-ebf66ffbfec3 - BEACON : DOWN
[2021-04-26 15:05:10,677-up             ] INFO      [* BotHandler-Msg] Agent 9e16576f-b1b7-4ad2-ade0-ebf66ffbfec3 - BEACON : DOWN
[2021-04-26 15:05:31,702-up             ] INFO      [* BotHandler-Msg] Agent 9e16576f-b1b7-4ad2-ade0-ebf66ffbfec3 - BEACON : DOWN
[2021-04-26 15:05:49,717-up             ] INFO      [* BotHandler-Msg] Agent 9e16576f-b1b7-4ad2-ade0-ebf66ffbfec3 - BEACON : DOWN
[2021-04-26 15:06:08,757-up             ] INFO      [* BotHandler-Msg] Agent 9e16576f-b1b7-4ad2-ade0-ebf66ffbfec3 - BEACON : DOWN
[2021-04-26 15:06:35,796-up             ] INFO      [* BotHandler-Msg] Agent 9e16576f-b1b7-4ad2-ade0-ebf66ffbfec3 - BEACON : DOWN
[2021-04-26 15:06:58,837-up             ] INFO      [* BotHandler-Msg] Agent 9e16576f-b1b7-4ad2-ade0-ebf66ffbfec3 - BEACON : DOWN
[2021-04-26 15:07:15,860-up             ] INFO      [* BotHandler-Msg] Agent 9e16576f-b1b7-4ad2-ade0-ebf66ffbfec3 - BEACON : DOWN
[2021-04-26 15:07:58,933-up             ] INFO      [* BotHandler-Msg] Agent 9e16576f-b1b7-4ad2-ade0-ebf66ffbfec3 - BEACON : DOWN
[2021-04-26 15:08:27,990-up             ] INFO      [* BotHandler-Msg] Agent 9e16576f-b1b7-4ad2-ade0-ebf66ffbfec3 - BEACON : DOWN
[2021-04-26 15:08:55,030-up             ] INFO      [* BotHandler-Msg] Agent 9e16576f-b1b7-4ad2-ade0-ebf66ffbfec3 - BEACON : DOWN
[2021-04-26 15:09:25,077-up             ] INFO      [* BotHandler-Msg] Agent 9e16576f-b1b7-4ad2-ade0-ebf66ffbfec3 - BEACON : DOWN
[2021-04-26 15:09:58,134-up             ] INFO      [* BotHandler-Msg] Agent 9e16576f-b1b7-4ad2-ade0-ebf66ffbfec3 - BEACON : DOWN
[2021-04-26 15:10:26,165-up             ] INFO      [* BotHandler-Msg] Agent 9e16576f-b1b7-4ad2-ade0-ebf66ffbfec3 - BEACON : DOWN
[2021-04-26 15:10:46,196-up             ] INFO      [* BotHandler-Msg] Agent 9e16576f-b1b7-4ad2-ade0-ebf66ffbfec3 - BEACON : DOWN
[2021-04-26 15:11:06,227-up             ] INFO      [* BotHandler-Msg] Agent 9e16576f-b1b7-4ad2-ade0-ebf66ffbfec3 - BEACON : DOWN
[2021-04-26 15:11:25,270-up             ] INFO      [* BotHandler-Msg] Agent 9e16576f-b1b7-4ad2-ade0-ebf66ffbfec3 - BEACON : DOWN
[2021-04-26 15:11:39,318-up             ] INFO      [* BotHandler-Msg] Agent 9e16576f-b1b7-4ad2-ade0-ebf66ffbfec3 - BEACON : DOWN
[2021-04-26 15:11:54,357-up             ] INFO      [* BotHandler-Msg] Agent 9e16576f-b1b7-4ad2-ade0-ebf66ffbfec3 - BEACON : DOWN
[2021-04-26 15:12:14,390-up             ] INFO      [* BotHandler-Msg] Agent 9e16576f-b1b7-4ad2-ade0-ebf66ffbfec3 - BEACON : DOWN
[2021-04-26 15:12:58,421-up             ] INFO      [* BotHandler-Msg] Agent 9e16576f-b1b7-4ad2-ade0-ebf66ffbfec3 - BEACON : DOWN
[2021-04-26 15:16:06,855-up             ] INFO      [* BotHandler-Msg] Agent 05229484-d5ed-4ff3-b76f-cd192c9bfae0 beacon started
[2021-04-26 15:18:16,580-up             ] INFO      [* BotHandler-Msg] Agent 05229484-d5ed-4ff3-b76f-cd192c9bfae0 - BEACON : UP
